<?xml version="1.0" encoding="UTF-8"?>
<testsuites>
  <testsuite name="Test_Adidas_Home_Page" timestamp="2018-09-26T08:28:43" time="7.825" tests="2" failures="0" errors="0" skipped="0">
    <properties>
      <property name="specId" value="45decea28b97d65b190e66b7aacc8dbc"/>
      <property name="suiteName" value="Test Adidas Home Page"/>
      <property name="capabilities" value="chrome"/>
      <property name="file" value=".\test\homePageTest.js"/>
    </properties>
    <testcase classname="chrome.Test_Adidas_Home_Page" name="Should_have_the_hero_carousel" time="6.356">
      <system-out>
        <![CDATA[
COMMAND: GET http://127.0.0.1:4444/wd/hub/session/6d61447c6fa52eea727ccc57471d5469/window_handle - {}
RESULT: {"sessionId":"6d61447c6fa52eea727ccc57471d5469","status":0,"value":"CDwindow-3A88CCE566CAF1C710D5E92ACF64A700"}
COMMAND: POST http://127.0.0.1:4444/wd/hub/session/6d61447c6fa52eea727ccc57471d5469/url - {"url":"https://www.adidas.co.uk/"}
RESULT: {"sessionId":"6d61447c6fa52eea727ccc57471d5469","status":0,"value":null}
COMMAND: POST http://127.0.0.1:4444/wd/hub/session/6d61447c6fa52eea727ccc57471d5469/window/%7BCDwindow-3A88CCE566CAF1C710D5E92ACF64A700%7D/maximize - {}
RESULT: {"sessionId":"6d61447c6fa52eea727ccc57471d5469","status":0,"value":null}
COMMAND: POST http://127.0.0.1:4444/wd/hub/session/6d61447c6fa52eea727ccc57471d5469/element - {"using":"css selector","value":"section[class*=\"main\"] [class*=\"content\"]>[class*=\"wallpaperWrapper\"]"}
RESULT: {"sessionId":"6d61447c6fa52eea727ccc57471d5469","status":0,"value":{"ELEMENT":"0.07811706731276158-1"}}
]]>
      </system-out>
    </testcase>
    <testcase classname="chrome.Test_Adidas_Home_Page" name="carousel_should_exist_and_be_scrollable" time="1.466">
      <system-out>
        <![CDATA[
COMMAND: POST http://127.0.0.1:4444/wd/hub/session/6d61447c6fa52eea727ccc57471d5469/element - {"using":"css selector","value":"div[data-auto-id=\"carousel-slider\"] div"}
RESULT: {"sessionId":"6d61447c6fa52eea727ccc57471d5469","status":0,"value":{"ELEMENT":"0.07811706731276158-2"}}
COMMAND: POST http://127.0.0.1:4444/wd/hub/session/6d61447c6fa52eea727ccc57471d5469/element/0.07811706731276158-2/click - {}
RESULT: {"sessionId":"6d61447c6fa52eea727ccc57471d5469","status":0,"value":null}
COMMAND: POST http://127.0.0.1:4444/wd/hub/session/6d61447c6fa52eea727ccc57471d5469/element - {"using":"css selector","value":"[data-auto-id=\"product-title\"]"}
RESULT: {"message":"no such element: Unable to locate element: {\"method\":\"css selector\",\"selector\":\"[data-auto-id=\"product-title\"]\"}","type":"RuntimeError","seleniumStack":{"type":"NoSuchElement","message":"An element could not be located on the page using the given search parameters.","orgStatusMessage":"no such element: Unable to locate element: {\"method\":\"css selector\",\"selector\":\"[data-auto-id=\"product-title\"]\"}\n  (Session info: chrome=68.0.3440.106)\n  (Driver info: chromedriver=2.41.578737 (49da6702b16031c40d63e5618de03a32ff6c197e),platform=Windows NT 6.1.7601 SP1 x86_64)"}}
COMMAND: POST http://127.0.0.1:4444/wd/hub/session/6d61447c6fa52eea727ccc57471d5469/elements - {"using":"css selector","value":"[data-auto-id=\"product-title\"]"}
RESULT: {"sessionId":"6d61447c6fa52eea727ccc57471d5469","status":0,"value":[{"ELEMENT":"0.07811706731276158-3"}]}
COMMAND: POST http://127.0.0.1:4444/wd/hub/session/6d61447c6fa52eea727ccc57471d5469/element - {"using":"css selector","value":"[data-auto-id=\"product-title\"]"}
RESULT: {"sessionId":"6d61447c6fa52eea727ccc57471d5469","status":0,"value":{"ELEMENT":"0.07811706731276158-3"}}
COMMAND: DELETE http://127.0.0.1:4444/wd/hub/session/6d61447c6fa52eea727ccc57471d5469 - {}
RESULT: {"sessionId":"6d61447c6fa52eea727ccc57471d5469","status":0,"value":null}
]]>
      </system-out>
    </testcase>
  </testsuite>
</testsuites>